<?xml version="1.0" encoding="UTF-8"?>
<!-- Generated by org.testng.reporters.JUnitXMLReporter -->
<testsuite ignored="0" hostname="AlkaVardhan" failures="0" tests="5" name="Default test" time="16.402" errors="0" timestamp="2026-09-06T02:25:23 IST">
  <testcase classname="com.qa.opencart.tests.HomePageTest" name="homePageTitletest" time="0.032"/>
  <testcase classname="com.qa.opencart.tests.HomePageTest" name="homePageURLTest" time="0.002"/>
  <testcase classname="com.qa.opencart.tests.HomePageTest" name="searchTest" time="0.86"/>
  <testcase classname="com.qa.opencart.tests.HomePageTest" name="searchTest" time="0.532"/>
  <testcase classname="com.qa.opencart.tests.HomePageTest" name="searchTest" time="0.525"/>
</testsuite> <!-- Default test -->
