<?xml version="1.0" encoding="UTF-8"?>
<!-- Generated by org.testng.reporters.JUnitXMLReporter -->
<testsuite ignored="0" hostname="AlkaVardhan" failures="0" tests="3" name="Open Cart Login Page Test_chromium" time="7.23" errors="0" timestamp="2026-09-09T02:28:51 IST">
  <testcase classname="com.qa.opencart.tests.LoginPageTest" name="loginPageNavigationTest" time="0.796"/>
  <testcase classname="com.qa.opencart.tests.LoginPageTest" name="forgotPasswordLinkExistTest" time="0.029"/>
  <testcase classname="com.qa.opencart.tests.LoginPageTest" name="appLoginTest" time="0.635"/>
</testsuite> <!-- Open Cart Login Page Test_chromium -->
