<?xml version="1.0" encoding="UTF-8"?>
<testng-results ignored="0" total="11" passed="10" failed="1" skipped="0">
  <reporter-output>
  </reporter-output>
  <suite started-at="2026-09-09T02:28:19 IST" name="Open Cart test regresion PW Suite" finished-at="2026-09-09T02:28:51 IST" duration-ms="31308">
    <groups>
    </groups>
    <test started-at="2026-09-09T02:28:19 IST" name="Open Cart Home Page Test_chrome" finished-at="2026-09-09T02:28:33 IST" duration-ms="13756">
      <class name="com.qa.opencart.tests.HomePageTest">
        <test-method is-config="true" signature="setup(java.lang.String)[pri:0, instance:com.qa.opencart.tests.HomePageTest@77825085]" started-at="2026-09-09T02:28:19 IST" name="setup" finished-at="2026-09-09T02:28:30 IST" duration-ms="10570" status="PASS">
          <params>
            <param index="0">
              <value>
                <![CDATA[chrome]]>
              </value>
            </param>
          </params>
          <reporter-output>
          </reporter-output>
        </test-method> <!-- setup -->
        <test-method signature="homePageTitletest()[pri:0, instance:com.qa.opencart.tests.HomePageTest@77825085]" started-at="2026-09-09T02:28:30 IST" name="homePageTitletest" finished-at="2026-09-09T02:28:30 IST" duration-ms="55" status="PASS">
          <reporter-output>
          </reporter-output>
        </test-method> <!-- homePageTitletest -->
        <test-method signature="homePageURLTest()[pri:0, instance:com.qa.opencart.tests.HomePageTest@77825085]" started-at="2026-09-09T02:28:31 IST" name="homePageURLTest" finished-at="2026-09-09T02:28:31 IST" duration-ms="5" status="PASS">
          <reporter-output>
          </reporter-output>
        </test-method> <!-- homePageURLTest -->
        <test-method signature="searchTest(java.lang.String)[pri:0, instance:com.qa.opencart.tests.HomePageTest@77825085]" started-at="2026-09-09T02:28:31 IST" name="searchTest" data-provider="getProductData" finished-at="2026-09-09T02:28:31 IST" duration-ms="542" status="PASS">
          <params>
            <param index="0">
              <value>
                <![CDATA[Macbook]]>
              </value>
            </param>
          </params>
          <reporter-output>
          </reporter-output>
        </test-method> <!-- searchTest -->
        <test-method signature="searchTest(java.lang.String)[pri:0, instance:com.qa.opencart.tests.HomePageTest@77825085]" started-at="2026-09-09T02:28:32 IST" name="searchTest" data-provider="getProductData" finished-at="2026-09-09T02:28:32 IST" duration-ms="427" status="PASS">
          <params>
            <param index="0">
              <value>
                <![CDATA[I-Mac]]>
              </value>
            </param>
          </params>
          <reporter-output>
          </reporter-output>
        </test-method> <!-- searchTest -->
        <test-method signature="searchTest(java.lang.String)[pri:0, instance:com.qa.opencart.tests.HomePageTest@77825085]" started-at="2026-09-09T02:28:32 IST" name="searchTest" data-provider="getProductData" finished-at="2026-09-09T02:28:33 IST" duration-ms="383" status="PASS">
          <params>
            <param index="0">
              <value>
                <![CDATA[Samsung]]>
              </value>
            </param>
          </params>
          <reporter-output>
          </reporter-output>
        </test-method> <!-- searchTest -->
        <test-method is-config="true" signature="tearDown()[pri:0, instance:com.qa.opencart.tests.HomePageTest@77825085]" started-at="2026-09-09T02:28:33 IST" name="tearDown" finished-at="2026-09-09T02:28:33 IST" duration-ms="1" status="PASS">
          <reporter-output>
          </reporter-output>
        </test-method> <!-- tearDown -->
      </class> <!-- com.qa.opencart.tests.HomePageTest -->
    </test> <!-- Open Cart Home Page Test_chrome -->
    <test started-at="2026-09-09T02:28:34 IST" name="Open Cart Login Page Test_firefox" finished-at="2026-09-09T02:28:43 IST" duration-ms="9684">
      <class name="com.qa.opencart.tests.LoginPageTest">
        <test-method is-config="true" signature="setup(java.lang.String)[pri:0, instance:com.qa.opencart.tests.LoginPageTest@4ff4357f]" started-at="2026-09-09T02:28:34 IST" name="setup" finished-at="2026-09-09T02:28:40 IST" duration-ms="6667" status="PASS">
          <params>
            <param index="0">
              <value>
                <![CDATA[firefox]]>
              </value>
            </param>
          </params>
          <reporter-output>
          </reporter-output>
        </test-method> <!-- setup -->
        <test-method signature="loginPageNavigationTest()[pri:1, instance:com.qa.opencart.tests.LoginPageTest@4ff4357f]" started-at="2026-09-09T02:28:40 IST" name="loginPageNavigationTest" finished-at="2026-09-09T02:28:41 IST" duration-ms="1287" status="PASS">
          <reporter-output>
          </reporter-output>
        </test-method> <!-- loginPageNavigationTest -->
        <test-method signature="forgotPasswordLinkExistTest()[pri:2, instance:com.qa.opencart.tests.LoginPageTest@4ff4357f]" started-at="2026-09-09T02:28:42 IST" name="forgotPasswordLinkExistTest" finished-at="2026-09-09T02:28:42 IST" duration-ms="27" status="PASS">
          <reporter-output>
          </reporter-output>
        </test-method> <!-- forgotPasswordLinkExistTest -->
        <test-method signature="appLoginTest()[pri:3, instance:com.qa.opencart.tests.LoginPageTest@4ff4357f]" started-at="2026-09-09T02:28:42 IST" name="appLoginTest" finished-at="2026-09-09T02:28:43 IST" duration-ms="1030" status="FAIL">
          <exception class="java.lang.AssertionError">
            <message>
              <![CDATA[expected [true] but found [false]]]>
            </message>
            <full-stacktrace>
              <![CDATA[java.lang.AssertionError: expected [true] but found [false]
at org.testng.Assert.fail(Assert.java:111)
at org.testng.Assert.failNotEquals(Assert.java:1590)
at org.testng.Assert.assertTrue(Assert.java:57)
at org.testng.Assert.assertTrue(Assert.java:67)
at com.qa.opencart.tests.LoginPageTest.appLoginTest(LoginPageTest.java:30)
at java.base/jdk.internal.reflect.DirectMethodHandleAccessor.invoke(DirectMethodHandleAccessor.java:103)
at java.base/java.lang.reflect.Method.invoke(Method.java:580)
at org.testng.internal.invokers.MethodInvocationHelper.invokeMethod(MethodInvocationHelper.java:141)
at org.testng.internal.invokers.TestInvoker.invokeMethod(TestInvoker.java:687)
at org.testng.internal.invokers.TestInvoker.invokeTestMethod(TestInvoker.java:230)
at org.testng.internal.invokers.MethodRunner.runInSequence(MethodRunner.java:63)
at org.testng.internal.invokers.TestInvoker$MethodInvocationAgent.invoke(TestInvoker.java:995)
at org.testng.internal.invokers.TestInvoker.invokeTestMethods(TestInvoker.java:203)
at org.testng.internal.invokers.TestMethodWorker.invokeTestMethods(TestMethodWorker.java:154)
at org.testng.internal.invokers.TestMethodWorker.run(TestMethodWorker.java:134)
at java.base/java.util.ArrayList.forEach(ArrayList.java:1597)
at org.testng.TestRunner.privateRun(TestRunner.java:741)
at org.testng.TestRunner.run(TestRunner.java:616)
at org.testng.SuiteRunner.runTest(SuiteRunner.java:421)
at org.testng.SuiteRunner.runSequentially(SuiteRunner.java:413)
at org.testng.SuiteRunner.privateRun(SuiteRunner.java:373)
at org.testng.SuiteRunner.run(SuiteRunner.java:312)
at org.testng.SuiteRunnerWorker.runSuite(SuiteRunnerWorker.java:52)
at org.testng.SuiteRunnerWorker.run(SuiteRunnerWorker.java:95)
at org.testng.TestNG.runSuitesSequentially(TestNG.java:1274)
at org.testng.TestNG.runSuitesLocally(TestNG.java:1208)
at org.testng.TestNG.runSuites(TestNG.java:1112)
at org.testng.TestNG.run(TestNG.java:1079)
at org.testng.remote.AbstractRemoteTestNG.run(AbstractRemoteTestNG.java:115)
at org.testng.remote.RemoteTestNG.initAndRun(RemoteTestNG.java:293)
at org.testng.remote.RemoteTestNG.main(RemoteTestNG.java:91)
]]>
            </full-stacktrace>
          </exception> <!-- java.lang.AssertionError -->
          <reporter-output>
          </reporter-output>
        </test-method> <!-- appLoginTest -->
        <test-method is-config="true" signature="tearDown()[pri:0, instance:com.qa.opencart.tests.LoginPageTest@4ff4357f]" started-at="2026-09-09T02:28:43 IST" name="tearDown" finished-at="2026-09-09T02:28:43 IST" duration-ms="0" status="PASS">
          <reporter-output>
          </reporter-output>
        </test-method> <!-- tearDown -->
      </class> <!-- com.qa.opencart.tests.LoginPageTest -->
    </test> <!-- Open Cart Login Page Test_firefox -->
    <test started-at="2026-09-09T02:28:43 IST" name="Open Cart Login Page Test_chromium" finished-at="2026-09-09T02:28:51 IST" duration-ms="7230">
      <class name="com.qa.opencart.tests.LoginPageTest">
        <test-method is-config="true" signature="setup(java.lang.String)[pri:0, instance:com.qa.opencart.tests.LoginPageTest@55322aab]" started-at="2026-09-09T02:28:43 IST" name="setup" finished-at="2026-09-09T02:28:48 IST" duration-ms="4450" status="PASS">
          <params>
            <param index="0">
              <value>
                <![CDATA[chromium]]>
              </value>
            </param>
          </params>
          <reporter-output>
          </reporter-output>
        </test-method> <!-- setup -->
        <test-method signature="loginPageNavigationTest()[pri:1, instance:com.qa.opencart.tests.LoginPageTest@55322aab]" started-at="2026-09-09T02:28:48 IST" name="loginPageNavigationTest" finished-at="2026-09-09T02:28:49 IST" duration-ms="796" status="PASS">
          <reporter-output>
          </reporter-output>
        </test-method> <!-- loginPageNavigationTest -->
        <test-method signature="forgotPasswordLinkExistTest()[pri:2, instance:com.qa.opencart.tests.LoginPageTest@55322aab]" started-at="2026-09-09T02:28:49 IST" name="forgotPasswordLinkExistTest" finished-at="2026-09-09T02:28:49 IST" duration-ms="29" status="PASS">
          <reporter-output>
          </reporter-output>
        </test-method> <!-- forgotPasswordLinkExistTest -->
        <test-method signature="appLoginTest()[pri:3, instance:com.qa.opencart.tests.LoginPageTest@55322aab]" started-at="2026-09-09T02:28:50 IST" name="appLoginTest" finished-at="2026-09-09T02:28:50 IST" duration-ms="635" status="PASS">
          <reporter-output>
          </reporter-output>
        </test-method> <!-- appLoginTest -->
        <test-method is-config="true" signature="tearDown()[pri:0, instance:com.qa.opencart.tests.LoginPageTest@55322aab]" started-at="2026-09-09T02:28:51 IST" name="tearDown" finished-at="2026-09-09T02:28:51 IST" duration-ms="7" status="PASS">
          <reporter-output>
          </reporter-output>
        </test-method> <!-- tearDown -->
      </class> <!-- com.qa.opencart.tests.LoginPageTest -->
    </test> <!-- Open Cart Login Page Test_chromium -->
  </suite> <!-- Open Cart test regresion PW Suite -->
</testng-results>
