<?xml version="1.0" encoding="UTF-8"?>
<!-- Generated by org.testng.reporters.JUnitReportReporter -->
<testsuite hostname="AlkaVardhan" failures="0" tests="5" name="com.qa.opencart.tests.HomePageTest" time="1.412" errors="0" timestamp="2026-09-09T02:28:51 IST" skipped="0">
  <testcase classname="com.qa.opencart.tests.HomePageTest" name="homePageURLTest" time="0.005"/>
  <testcase classname="com.qa.opencart.tests.HomePageTest" name="homePageTitletest" time="0.055"/>
  <testcase classname="com.qa.opencart.tests.HomePageTest" name="searchTest" time="0.427"/>
  <testcase classname="com.qa.opencart.tests.HomePageTest" name="searchTest" time="0.542"/>
  <testcase classname="com.qa.opencart.tests.HomePageTest" name="searchTest" time="0.383"/>
</testsuite> <!-- com.qa.opencart.tests.HomePageTest -->
